
Loading: C:\Users\grays\Desktop\Project\Unity\OIlNamProject\RawData\Enemy_Data.xlsx
Parse sheet: Sheet1
Parsing: C:\Users\grays\Desktop\Project\Unity\OIlNamProject\RawData\Enemy_Data.xlsx.$$$\Sheet1.csv
Closing: C:\Users\grays\Desktop\Project\Unity\OIlNamProject\RawData\Enemy_Data.xlsx
------------------------------------------------------------------------------
[Enemy_Data.xlsx(Sheet1): ROW 1]
Found object mark: '#EnemyData[{}]'
[Enemy_Data.xlsx(Sheet1): ROW 1]
 Key: ID at 1
[Enemy_Data.xlsx(Sheet1): ROW 1]
 Key: Name at 2
[Enemy_Data.xlsx(Sheet1): ROW 1]
 Key: HP at 3
[Enemy_Data.xlsx(Sheet1): ROW 1]
 Key: Speed at 4
[Enemy_Data.xlsx(Sheet1): ROW 1]
 Key: Gold at 5
[Enemy_Data.xlsx(Sheet1): ROW 1]
 Key: EXP at 6
[Enemy_Data.xlsx(Sheet1): ROW 1]
 Key: Level at 7
Parsing Array Object Table...

Loading: C:\Users\grays\Desktop\Project\Unity\OIlNamProject\RawData\Story_Data.xlsx
Parse sheet: Sheet1
Parsing: C:\Users\grays\Desktop\Project\Unity\OIlNamProject\RawData\Story_Data.xlsx.$$$\Sheet1.csv
Closing: C:\Users\grays\Desktop\Project\Unity\OIlNamProject\RawData\Story_Data.xlsx
------------------------------------------------------------------------------
[Story_Data.xlsx(Sheet1): ROW 1]
Found object mark: '#StoryData[{}]'
[Story_Data.xlsx(Sheet1): ROW 1]
 Key: ID at 1
[Story_Data.xlsx(Sheet1): ROW 1]
 Key: Text at 2
[Story_Data.xlsx(Sheet1): ROW 1]
 Key: Delete at 3
Parsing Array Object Table...

Loading: C:\Users\grays\Desktop\Project\Unity\OIlNamProject\RawData\Temp_Data.xlsx
Parse sheet: Sheet1
Parsing: C:\Users\grays\Desktop\Project\Unity\OIlNamProject\RawData\Temp_Data.xlsx.$$$\Sheet1.csv
Closing: C:\Users\grays\Desktop\Project\Unity\OIlNamProject\RawData\Temp_Data.xlsx
------------------------------------------------------------------------------
[Temp_Data.xlsx(Sheet1): ROW 1]
Found object mark: '#TempData[{}]'
[Temp_Data.xlsx(Sheet1): ROW 1]
 Key: ID at 1
[Temp_Data.xlsx(Sheet1): ROW 1]
 Key: Name at 2
[Temp_Data.xlsx(Sheet1): ROW 1]
 Key: Path at 3
[Temp_Data.xlsx(Sheet1): ROW 1]
 Key: SpriteName[] at 4
Parsing Array Object Table...

Loading: C:\Users\grays\Desktop\Project\Unity\OIlNamProject\RawData\Unit_Data.xlsx
Parse sheet: Sheet1
Parsing: C:\Users\grays\Desktop\Project\Unity\OIlNamProject\RawData\Unit_Data.xlsx.$$$\Sheet1.csv
Closing: C:\Users\grays\Desktop\Project\Unity\OIlNamProject\RawData\Unit_Data.xlsx
------------------------------------------------------------------------------
[Unit_Data.xlsx(Sheet1): ROW 1]
Found object mark: '#UnitData[{}]'
[Unit_Data.xlsx(Sheet1): ROW 1]
 Key: ID at 1
[Unit_Data.xlsx(Sheet1): ROW 1]
 Key: Step at 2
[Unit_Data.xlsx(Sheet1): ROW 1]
 Key: Type at 3
[Unit_Data.xlsx(Sheet1): ROW 1]
 Key: Name at 4
[Unit_Data.xlsx(Sheet1): ROW 1]
 Key: Description at 5
[Unit_Data.xlsx(Sheet1): ROW 1]
 Key: ATK at 6
[Unit_Data.xlsx(Sheet1): ROW 1]
 Key: Attack_Speed at 7
[Unit_Data.xlsx(Sheet1): ROW 1]
 Key: Attack_Range at 8
[Unit_Data.xlsx(Sheet1): ROW 1]
 Key: Skill_ID at 9
[Unit_Data.xlsx(Sheet1): ROW 1]
 Key: Unit_Modeling at 10
[Unit_Data.xlsx(Sheet1): ROW 1]
 Key: Open at 11
Parsing Array Object Table...
